\BOOKMARK [1][-]{section*.1}{\376\377\000A\000b\000s\000t\000r\000a\000c\000t}{}% 1
\BOOKMARK [1][-]{section.1}{\376\377\0001\000\040\000I\000n\000t\000r\000o\000d\000u\000c\000t\000i\000o\000n}{}% 2
\BOOKMARK [1][-]{section.2}{\376\377\0002\000\040\000H\000o\000w\000\040\000D\000o\000\040\000S\000t\000a\000b\000l\000e\000c\000o\000i\000n\000s\000\040\000W\000o\000r\000k\000?}{}% 3
\BOOKMARK [1][-]{section.3}{\376\377\0003\000\040\000T\000y\000p\000e\000\040\0001\000:\000\040\000B\000a\000c\000k\000e\000d\000\040\000S\000t\000a\000b\000l\000e\000c\000o\000i\000n\000s}{}% 4
\BOOKMARK [2][-]{subsection.3.1}{\376\377\0003\000.\0001\000\040\000D\000i\000r\000e\000c\000t\000l\000y\000-\000B\000a\000c\000k\000e\000d\000\040\000a\000n\000d\000\040\000R\000e\000d\000e\000e\000m\000a\000b\000l\000e}{section.3}% 5
\BOOKMARK [2][-]{subsection.3.2}{\376\377\0003\000.\0002\000\040\000D\000i\000r\000e\000c\000t\000l\000y\000-\000B\000a\000c\000k\000e\000d}{section.3}% 6
\BOOKMARK [2][-]{subsection.3.3}{\376\377\0003\000.\0003\000\040\000I\000n\000d\000i\000r\000e\000c\000t\000l\000y\000-\000B\000a\000c\000k\000e\000d}{section.3}% 7
\BOOKMARK [1][-]{section.4}{\376\377\0004\000\040\000T\000y\000p\000e\000\040\0002\000:\000\040\000I\000n\000t\000e\000r\000v\000e\000n\000t\000i\000o\000n\000-\000b\000a\000s\000e\000d\000\040\000S\000t\000a\000b\000l\000e\000c\000o\000i\000n\000s}{}% 8
\BOOKMARK [2][-]{subsection.4.1}{\376\377\0004\000.\0001\000\040\000M\000o\000n\000e\000y\000\040\000S\000u\000p\000p\000l\000y\000\040\000A\000d\000j\000u\000s\000t\000m\000e\000n\000t\000s}{section.4}% 9
\BOOKMARK [2][-]{subsection.4.2}{\376\377\0004\000.\0002\000\040\000A\000s\000s\000e\000t\000\040\000T\000r\000a\000n\000s\000f\000e\000r}{section.4}% 10
\BOOKMARK [1][-]{section.5}{\376\377\0005\000\040\000D\000i\000s\000c\000u\000s\000s\000i\000o\000n\000\040\000a\000n\000d\000\040\000C\000o\000n\000c\000l\000u\000s\000i\000o\000n\000.}{}% 11
\BOOKMARK [1][-]{section*.10}{\376\377\000A\000c\000k\000n\000o\000w\000l\000e\000d\000g\000m\000e\000n\000t\000s}{}% 12
\BOOKMARK [1][-]{section*.12}{\376\377\000R\000e\000f\000e\000r\000e\000n\000c\000e\000s}{}% 13
\BOOKMARK [1][-]{appendix.A}{\376\377\000A\000\040\000E\000x\000p\000a\000n\000d\000e\000d\000\040\000b\000a\000c\000k\000g\000r\000o\000u\000n\000d}{}% 14
\BOOKMARK [2][-]{subsection.A.1}{\376\377\000A\000.\0001\000\040\000P\000r\000i\000c\000e\000s}{appendix.A}% 15
\BOOKMARK [2][-]{subsection.A.2}{\376\377\000A\000.\0002\000\040\000E\000x\000c\000h\000a\000n\000g\000e\000\040\000r\000a\000t\000e\000s}{appendix.A}% 16
\BOOKMARK [2][-]{subsection.A.3}{\376\377\000A\000.\0003\000\040\000V\000a\000l\000u\000a\000t\000i\000o\000n}{appendix.A}% 17
\BOOKMARK [2][-]{subsection.A.4}{\376\377\000A\000.\0004\000\040\000S\000t\000a\000b\000i\000l\000i\000t\000y\000\040\000a\000n\000d\000\040\000v\000o\000l\000a\000t\000i\000l\000i\000t\000y}{appendix.A}% 18
\BOOKMARK [2][-]{subsection.A.5}{\376\377\000A\000.\0005\000\040\000F\000u\000n\000c\000t\000i\000o\000n\000s\000\040\000o\000f\000\040\000m\000o\000n\000e\000y}{appendix.A}% 19
\BOOKMARK [2][-]{subsection.A.6}{\376\377\000A\000.\0006\000\040\000L\000e\000n\000d\000i\000n\000g}{appendix.A}% 20
\BOOKMARK [2][-]{subsection.A.7}{\376\377\000A\000.\0007\000\040\000F\000o\000u\000n\000d\000a\000t\000i\000o\000n\000s\000\040\000o\000f\000\040\000B\000i\000t\000c\000o\000i\000n\000'\000s\000\040\000e\000x\000c\000h\000a\000n\000g\000e\000\040\000r\000a\000t\000e}{appendix.A}% 21
\BOOKMARK [1][-]{appendix.B}{\376\377\000B\000\040\000D\000i\000s\000c\000u\000s\000s\000i\000o\000n\000\040\000p\000o\000i\000n\000t\000s}{}% 22
\BOOKMARK [2][-]{subsection.B.1}{\376\377\000B\000.\0001\000\040\000W\000h\000i\000c\000h\000\040\000s\000t\000a\000b\000i\000l\000i\000t\000y\000\040\000m\000e\000c\000h\000a\000n\000i\000s\000m\000\040\000i\000s\000\040\000b\000e\000s\000t\000?}{appendix.B}% 23
\BOOKMARK [2][-]{subsection.B.2}{\376\377\000B\000.\0002\000\040\000W\000h\000y\000\040\000a\000r\000e\000\040\000t\000h\000e\000r\000e\000\040\000s\000o\000\040\000m\000a\000n\000y\000?}{appendix.B}% 24
\BOOKMARK [2][-]{subsection.B.3}{\376\377\000B\000.\0003\000\040\000W\000h\000y\000\040\000a\000r\000e\000n\000'\000t\000\040\000s\000t\000a\000b\000l\000e\000c\000o\000i\000n\000s\000\040\000p\000e\000r\000f\000e\000c\000t\000l\000y\000\040\000s\000t\000a\000b\000l\000e\000?}{appendix.B}% 25
\BOOKMARK [2][-]{subsection.B.4}{\376\377\000B\000.\0004\000\040\000H\000o\000w\000\040\000d\000o\000\040\000s\000t\000a\000b\000l\000e\000c\000o\000i\000n\000s\000\040\000c\000o\000m\000p\000a\000r\000e\000\040\000t\000o\000\040\000g\000o\000v\000e\000r\000n\000m\000e\000n\000t\000a\000l\000\040\000c\000u\000r\000r\000e\000n\000c\000i\000e\000s\000?}{appendix.B}% 26
\BOOKMARK [2][-]{subsection.B.5}{\376\377\000B\000.\0005\000\040\000O\000r\000a\000c\000l\000e\000s\000\040\000e\000v\000e\000r\000y\000w\000h\000e\000r\000e}{appendix.B}% 27
\BOOKMARK [2][-]{subsection.B.6}{\376\377\000B\000.\0006\000\040\000I\000s\000\040\000E\000t\000h\000e\000r\000e\000u\000m\000'\000s\000\040\000g\000a\000s\000\040\000a\000\040\000s\000t\000a\000b\000l\000e\000\040\000`\000c\000o\000i\000n\000'\000?}{appendix.B}% 28
