\BOOKMARK [1][-]{section.1}{Introduction}{}% 1
\BOOKMARK [1][-]{section.2}{Related Work}{}% 2
\BOOKMARK [1][-]{section.3}{Preliminaries}{}% 3
\BOOKMARK [2][-]{subsection.3.1}{Prices}{section.3}% 4
\BOOKMARK [2][-]{subsection.3.2}{Exchange Rates}{section.3}% 5
\BOOKMARK [2][-]{subsection.3.3}{Valuation}{section.3}% 6
\BOOKMARK [2][-]{subsection.3.4}{Stability and Volatility}{section.3}% 7
\BOOKMARK [2][-]{subsection.3.5}{Functions of Money}{section.3}% 8
\BOOKMARK [2][-]{subsection.3.6}{Lending}{section.3}% 9
\BOOKMARK [1][-]{section.4}{Type 1: Backed Stablecoins}{}% 10
\BOOKMARK [2][-]{subsection.4.1}{Directly-Backed and Redeemable}{section.4}% 11
\BOOKMARK [2][-]{subsection.4.2}{Directly-Backed}{section.4}% 12
\BOOKMARK [2][-]{subsection.4.3}{Indirectly-Backed}{section.4}% 13
\BOOKMARK [1][-]{section.5}{Type 2: Intervention-based Stablecoins}{}% 14
\BOOKMARK [2][-]{subsection.5.1}{Money Supply Adjustments}{section.5}% 15
\BOOKMARK [2][-]{subsection.5.2}{Asset Transfer}{section.5}% 16
\BOOKMARK [1][-]{section.6}{Discussion Points}{}% 17
\BOOKMARK [2][-]{subsection.6.1}{Summary of mechanisms}{section.6}% 18
\BOOKMARK [2][-]{subsection.6.2}{Oracles everywhere}{section.6}% 19
\BOOKMARK [2][-]{subsection.6.3}{Visualizing stability}{section.6}% 20
\BOOKMARK [2][-]{subsection.6.4}{Ethereum's gas: a stable `coin'?}{section.6}% 21
\BOOKMARK [1][-]{section.7}{Conclusion}{}% 22
