\BOOKMARK [1][-]{section.1}{Introduction}{}% 1
\BOOKMARK [2][-]{subsection.1.1}{Motivation}{section.1}% 2
\BOOKMARK [1][-]{section.2}{Preliminaries}{}% 3
\BOOKMARK [2][-]{subsection.2.1}{Valuation}{section.2}% 4
\BOOKMARK [2][-]{subsection.2.2}{Exchange}{section.2}% 5
\BOOKMARK [2][-]{subsection.2.3}{No-Seignorage Theory of Money}{section.2}% 6
\BOOKMARK [2][-]{subsection.2.4}{plot explanations}{section.2}% 7
\BOOKMARK [1][-]{section.3}{Systemization of stablecoins and Justification}{}% 8
\BOOKMARK [1][-]{section.4}{Backed}{}% 9
\BOOKMARK [2][-]{subsection.4.1}{Redeemable and Directly-Backed.}{section.4}% 10
\BOOKMARK [2][-]{subsection.4.2}{Non-Redeemable and Directly-Backed.}{section.4}% 11
\BOOKMARK [2][-]{subsection.4.3}{Non-Redeemable and indirectly-Backed.}{section.4}% 12
\BOOKMARK [2][-]{subsection.4.4}{Redeemable and indirectly-Backed.}{section.4}% 13
\BOOKMARK [1][-]{section.5}{Intervention-based}{}% 14
\BOOKMARK [2][-]{subsection.5.1}{Currency Board}{section.5}% 15
\BOOKMARK [2][-]{subsection.5.2}{Algorithmic with subjective external information}{section.5}% 16
\BOOKMARK [2][-]{subsection.5.3}{Algorithmic with objective external information}{section.5}% 17
\BOOKMARK [2][-]{subsection.5.4}{Algorithmic with only internal information}{section.5}% 18
\BOOKMARK [1][-]{section.6}{Investigation of gas volatility}{}% 19
\BOOKMARK [1][-]{section.7}{Conclusion and Discussion}{}% 20
\BOOKMARK [1][-]{section.8}{The current state of stablecoins \(might be needed for the paper\)}{}% 21
\BOOKMARK [1][-]{section.9}{Issues that stablecoins address}{}% 22
\BOOKMARK [2][-]{subsection.9.1}{Cryptocurrencies as Medium of Exchange}{section.9}% 23
\BOOKMARK [2][-]{subsection.9.2}{Cryptocurrencies as Unit of Account}{section.9}% 24
\BOOKMARK [2][-]{subsection.9.3}{Cryptocurrencies as Store of Value}{section.9}% 25
\BOOKMARK [2][-]{subsection.9.4}{Lending with Cryptocurrencies}{section.9}% 26
\BOOKMARK [2][-]{subsection.9.5}{Remittance}{section.9}% 27
